[    0.000000] Linux version 4.15.0-194-generic (buildd@lcy02-amd64-052) (gcc version 7.5.0 (Ubuntu 7.5.0-3ubuntu1~18.04)) #205-Ubuntu SMP Fri Sep 16 19:49:27 UTC 2022 (Ubuntu 4.15.0-194.205-generic 4.15.18)
[    0.000000] Command line: BOOT_IMAGE=/boot/vmlinuz-4.15.0-194-generic root=LABEL=cloudimg-rootfs ro console=tty1 console=ttyS0
[    0.000000] KERNEL supported cpus:
[    0.000000]   Intel GenuineIntel
[    0.000000]   AMD AuthenticAMD
[    0.000000]   Centaur CentaurHauls
[    0.000000] x86/fpu: Supporting XSAVE feature 0x001: 'x87 floating point registers'
[    0.000000] x86/fpu: Supporting XSAVE feature 0x002: 'SSE registers'
[    0.000000] x86/fpu: Supporting XSAVE feature 0x004: 'AVX registers'
[    0.000000] x86/fpu: xstate_offset[2]:  576, xstate_sizes[2]:  256
[    0.000000] x86/fpu: Enabled xstate features 0x7, context size is 832 bytes, using 'standard' format.
[    0.000000] e820: BIOS-provided physical RAM map:
[    0.000000] BIOS-e820: [mem 0x0000000000000000-0x000000000009fbff] usable
[    0.000000] BIOS-e820: [mem 0x000000000009fc00-0x000000000009ffff] reserved
[    0.000000] BIOS-e820: [mem 0x00000000000f0000-0x00000000000fffff] reserved
[    0.000000] BIOS-e820: [mem 0x0000000000100000-0x000000003ffeffff] usable
[    0.000000] BIOS-e820: [mem 0x000000003fff0000-0x000000003fffffff] ACPI data
[    0.000000] BIOS-e820: [mem 0x00000000fec00000-0x00000000fec00fff] reserved
[    0.000000] BIOS-e820: [mem 0x00000000fee00000-0x00000000fee00fff] reserved
[    0.000000] BIOS-e820: [mem 0x00000000fffc0000-0x00000000ffffffff] reserved
[    0.000000] NX (Execute Disable) protection: active
[    0.000000] SMBIOS 2.5 present.
[    0.000000] DMI: innotek GmbH VirtualBox/VirtualBox, BIOS VirtualBox 12/01/2006
[    0.000000] Hypervisor detected: KVM
[    0.000000] e820: last_pfn = 0x3fff0 max_arch_pfn = 0x400000000
[    0.000000] MTRR: Disabled
[    0.000000] x86/PAT: MTRRs disabled, skipping PAT initialization too.
[    0.000000] CPU MTRRs all blank - virtualized system.
[    0.000000] x86/PAT: Configuration [0-7]: WB  WT  UC- UC  WB  WT  UC- UC  
[    0.000000] found SMP MP-table at [mem 0x0009fff0-0x0009ffff]
[    0.000000] Scanning 1 areas for low memory corruption
[    0.000000] RAMDISK: [mem 0x359c9000-0x36cdbfff]
[    0.000000] ACPI: Early table checksum verification disabled
[    0.000000] ACPI: RSDP 0x00000000000E0000 000024 (v02 VBOX  )
[    0.000000] ACPI: XSDT 0x000000003FFF0030 00003C (v01 VBOX   VBOXXSDT 00000001 ASL  00000061)
[    0.000000] ACPI: FACP 0x000000003FFF00F0 0000F4 (v04 VBOX   VBOXFACP 00000001 ASL  00000061)
[    0.000000] ACPI: DSDT 0x000000003FFF0470 002325 (v02 VBOX   VBOXBIOS 00000002 INTL 20120111)
[    0.000000] ACPI: FACS 0x000000003FFF0200 000040
[    0.000000] ACPI: FACS 0x000000003FFF0200 000040
[    0.000000] ACPI: APIC 0x000000003FFF0240 00005C (v02 VBOX   VBOXAPIC 00000001 ASL  00000061)
[    0.000000] ACPI: SSDT 0x000000003FFF02A0 0001CC (v01 VBOX   VBOXCPUT 00000002 INTL 20120111)
[    0.000000] ACPI: Reserving FACP table memory at [mem 0x3fff00f0-0x3fff01e3]
[    0.000000] ACPI: Reserving DSDT table memory at [mem 0x3fff0470-0x3fff2794]
[    0.000000] ACPI: Reserving FACS table memory at [mem 0x3fff0200-0x3fff023f]
[    0.000000] ACPI: Reserving FACS table memory at [mem 0x3fff0200-0x3fff023f]
[    0.000000] ACPI: Reserving APIC table memory at [mem 0x3fff0240-0x3fff029b]
[    0.000000] ACPI: Reserving SSDT table memory at [mem 0x3fff02a0-0x3fff046b]
[    0.000000] No NUMA configuration found
[    0.000000] Faking a node at [mem 0x0000000000000000-0x000000003ffeffff]
[    0.000000] NODE_DATA(0) allocated [mem 0x3ffc5000-0x3ffeffff]
[    0.000000] kvm-clock: cpu 0, msr 0:3ff44001, primary cpu clock
[    0.000000] kvm-clock: Using msrs 4b564d01 and 4b564d00
[    0.000000] kvm-clock: using sched offset of 3804880620 cycles
[    0.000000] clocksource: kvm-clock: mask: 0xffffffffffffffff max_cycles: 0x1cd42e4dffb, max_idle_ns: 881590591483 ns
[    0.000000] Zone ranges:
[    0.000000]   DMA      [mem 0x0000000000001000-0x0000000000ffffff]
[    0.000000]   DMA32    [mem 0x0000000001000000-0x000000003ffeffff]
[    0.000000]   Normal   empty
[    0.000000]   Device   empty
[    0.000000] Movable zone start for each node
[    0.000000] Early memory node ranges
[    0.000000]   node   0: [mem 0x0000000000001000-0x000000000009efff]
[    0.000000]   node   0: [mem 0x0000000000100000-0x000000003ffeffff]
[    0.000000] Reserved but unavailable: 104 pages
[    0.000000] Initmem setup node 0 [mem 0x0000000000001000-0x000000003ffeffff]
[    0.000000] ACPI: PM-Timer IO Port: 0x4008
[    0.000000] IOAPIC[0]: apic_id 2, version 32, address 0xfec00000, GSI 0-23
[    0.000000] ACPI: INT_SRC_OVR (bus 0 bus_irq 0 global_irq 2 dfl dfl)
[    0.000000] ACPI: INT_SRC_OVR (bus 0 bus_irq 9 global_irq 9 low level)
[    0.000000] Using ACPI (MADT) for SMP configuration information
[    0.000000] smpboot: Allowing 2 CPUs, 0 hotplug CPUs
[    0.000000] PM: Registered nosave memory: [mem 0x00000000-0x00000fff]
[    0.000000] PM: Registered nosave memory: [mem 0x0009f000-0x0009ffff]
[    0.000000] PM: Registered nosave memory: [mem 0x000a0000-0x000effff]
[    0.000000] PM: Registered nosave memory: [mem 0x000f0000-0x000fffff]
[    0.000000] e820: [mem 0x40000000-0xfebfffff] available for PCI devices
[    0.000000] Booting paravirtualized kernel on KVM
[    0.000000] clocksource: refined-jiffies: mask: 0xffffffff max_cycles: 0xffffffff, max_idle_ns: 7645519600211568 ns
[    0.000000] setup_percpu: NR_CPUS:8192 nr_cpumask_bits:2 nr_cpu_ids:2 nr_node_ids:1
[    0.000000] percpu: Embedded 50 pages/cpu s167936 r8192 d28672 u1048576
[    0.000000] PV qspinlock hash table entries: 256 (order: 0, 4096 bytes)
[    0.000000] Built 1 zonelists, mobility grouping on.  Total pages: 257913
[    0.000000] Policy zone: DMA32
[    0.000000] Kernel command line: BOOT_IMAGE=/boot/vmlinuz-4.15.0-194-generic root=LABEL=cloudimg-rootfs ro console=tty1 console=ttyS0
[    0.000000] Memory: 982648K/1048120K available (12300K kernel code, 2477K rwdata, 4320K rodata, 2472K init, 2720K bss, 65472K reserved, 0K cma-reserved)
[    0.000000] SLUB: HWalign=64, Order=0-3, MinObjects=0, CPUs=2, Nodes=1
[    0.000000] Kernel/User page tables isolation: enabled
[    0.000000] ftrace: allocating 39477 entries in 155 pages
[    0.004000] Hierarchical RCU implementation.
[    0.004000] 	RCU restricting CPUs from NR_CPUS=8192 to nr_cpu_ids=2.
[    0.004000] 	Tasks RCU enabled.
[    0.004000] RCU: Adjusting geometry for rcu_fanout_leaf=16, nr_cpu_ids=2
[    0.004000] NR_IRQS: 524544, nr_irqs: 440, preallocated irqs: 16
[    0.004000] random: crng init done
[    0.004000] Console: colour VGA+ 80x25
[    0.004000] console [tty1] enabled
[    0.004000] console [ttyS0] enabled
[    0.004000] ACPI: Core revision 20170831
[    0.004000] ACPI: 2 ACPI AML tables successfully acquired and loaded
[    0.004000] APIC: Switch to symmetric I/O mode setup
[    0.004000] x2apic enabled
[    0.004000] Switched APIC routing to physical x2apic.
[    0.004000] ..TIMER: vector=0x30 apic1=0 pin1=2 apic2=-1 pin2=-1
[    0.004004] tsc: Detected 2591.998 MHz processor
[    0.005090] Calibrating delay loop (skipped) preset value.. 5183.99 BogoMIPS (lpj=10367992)
[    0.005415] pid_max: default: 32768 minimum: 301
[    0.008019] Security Framework initialized
[    0.008730] Yama: becoming mindful.
[    0.009355] AppArmor: AppArmor initialized
[    0.011089] Dentry cache hash table entries: 131072 (order: 8, 1048576 bytes)
[    0.012036] Inode-cache hash table entries: 65536 (order: 7, 524288 bytes)
[    0.013562] Mount-cache hash table entries: 2048 (order: 2, 16384 bytes)
[    0.015392] Mountpoint-cache hash table entries: 2048 (order: 2, 16384 bytes)
[    0.016197] Last level iTLB entries: 4KB 64, 2MB 8, 4MB 8
[    0.017180] Last level dTLB entries: 4KB 64, 2MB 0, 4MB 0, 1GB 4
[    0.018221] Spectre V1 : Mitigation: usercopy/swapgs barriers and __user pointer sanitization
[    0.020002] Spectre V2 : Mitigation: Retpolines
[    0.020785] Spectre V2 : Spectre v2 / SpectreRSB mitigation: Filling RSB on context switch
[    0.022254] Speculative Store Bypass: Vulnerable
[    0.024074] MDS: Mitigation: Clear CPU buffers
[    0.024855] MMIO Stale Data: Mitigation: Clear CPU buffers
[    0.025786] SRBDS: Unknown: Dependent on hypervisor status
[    0.026840] Freeing SMP alternatives memory: 36K
[    0.137712] smpboot: CPU0: Intel(R) Core(TM) i7-9750H CPU @ 2.60GHz (family: 0x6, model: 0x9e, stepping: 0xa)
[    0.140000] Performance Events: unsupported p6 CPU model 158 no PMU driver, software events only.
[    0.140027] Hierarchical SRCU implementation.
[    0.141217] NMI watchdog: Perf event create on CPU 0 failed with -2
[    0.142360] NMI watchdog: Perf NMI watchdog permanently disabled
[    0.143734] smp: Bringing up secondary CPUs ...
[    0.144054] x86: Booting SMP configuration:
[    0.144786] .... node  #0, CPUs:      #1
[    0.004000] kvm-clock: cpu 1, msr 0:3ff44041, secondary cpu clock
[    0.148013] smp: Brought up 1 node, 2 CPUs
[    0.148907] smpboot: Max logical packages: 1
[    0.149764] smpboot: Total of 2 processors activated (10367.99 BogoMIPS)
[    0.152086] devtmpfs: initialized
[    0.152641] x86/mm: Memory block size: 128MB
[    0.153500] evm: security.selinux
[    0.154098] evm: security.SMACK64
[    0.154686] evm: security.SMACK64EXEC
[    0.155330] evm: security.SMACK64TRANSMUTE
[    0.156002] evm: security.SMACK64MMAP
[    0.156648] evm: security.apparmor
[    0.157438] evm: security.ima
[    0.158494] evm: security.capability
[    0.159142] clocksource: jiffies: mask: 0xffffffff max_cycles: 0xffffffff, max_idle_ns: 7645041785100000 ns
[    0.160005] futex hash table entries: 512 (order: 3, 32768 bytes)
[    0.161066] pinctrl core: initialized pinctrl subsystem
[    0.164042] RTC time: 16:51:53, date: 11/23/22
[    0.164902] NET: Registered protocol family 16
[    0.165738] audit: initializing netlink subsys (disabled)
[    0.166901] audit: type=2000 audit(1669222318.367:1): state=initialized audit_enabled=0 res=1
[    0.168007] cpuidle: using governor ladder
[    0.169059] cpuidle: using governor menu
[    0.169828] ACPI: bus type PCI registered
[    0.170527] acpiphp: ACPI Hot Plug PCI Controller Driver version: 0.5
[    0.172080] PCI: Using configuration type 1 for base access
[    0.173091] HugeTLB registered 2.00 MiB page size, pre-allocated 0 pages
[    0.173403] ACPI: Added _OSI(Module Device)
[    0.176006] ACPI: Added _OSI(Processor Device)
[    0.176804] ACPI: Added _OSI(3.0 _SCP Extensions)
[    0.178083] ACPI: Added _OSI(Processor Aggregator Device)
[    0.180002] ACPI: Added _OSI(Linux-Dell-Video)
[    0.180765] ACPI: Added _OSI(Linux-Lenovo-NV-HDMI-Audio)
[    0.181675] ACPI: Added _OSI(Linux-HPI-Hybrid-Graphics)
[    0.182852] ACPI: Executed 1 blocks of module-level executable AML code
[    0.186203] ACPI: Interpreter enabled
[    0.186907] ACPI: (supports S0 S5)
[    0.187512] ACPI: Using IOAPIC for interrupt routing
[    0.188150] PCI: Using host bridge windows from ACPI; if necessary, use "pci=nocrs" and report a bug
[    0.189867] ACPI: Enabled 2 GPEs in block 00 to 07
[    0.196900] ACPI: PCI Root Bridge [PCI0] (domain 0000 [bus 00-ff])
[    0.198324] acpi PNP0A03:00: _OSC: OS supports [ASPM ClockPM Segments MSI]
[    0.200000] acpi PNP0A03:00: _OSC: not requesting OS control; OS requires [ExtendedConfig ASPM ClockPM MSI]
[    0.200008] acpi PNP0A03:00: fail to add MMCONFIG information, can't access extended PCI configuration space under this bridge.
[    0.202307] PCI host bridge to bus 0000:00
[    0.204003] pci_bus 0000:00: root bus resource [io  0x0000-0x0cf7 window]
[    0.205154] pci_bus 0000:00: root bus resource [io  0x0d00-0xffff window]
[    0.206288] pci_bus 0000:00: root bus resource [mem 0x000a0000-0x000bffff window]
[    0.208002] pci_bus 0000:00: root bus resource [mem 0x40000000-0xfdffffff window]
[    0.209381] pci_bus 0000:00: root bus resource [bus 00-ff]
[    0.213649] pci 0000:00:01.1: legacy IDE quirk: reg 0x10: [io  0x01f0-0x01f7]
[    0.214918] pci 0000:00:01.1: legacy IDE quirk: reg 0x14: [io  0x03f6]
[    0.216000] pci 0000:00:01.1: legacy IDE quirk: reg 0x18: [io  0x0170-0x0177]
[    0.216002] pci 0000:00:01.1: legacy IDE quirk: reg 0x1c: [io  0x0376]
[    0.228475] pci 0000:00:07.0: quirk: [io  0x4000-0x403f] claimed by PIIX4 ACPI
[    0.230185] pci 0000:00:07.0: quirk: [io  0x4100-0x410f] claimed by PIIX4 SMB
[    0.237686] ACPI: PCI Interrupt Link [LNKA] (IRQs 5 9 10 *11)
[    0.239454] ACPI: PCI Interrupt Link [LNKB] (IRQs 5 9 *10 11)
[    0.240104] ACPI: PCI Interrupt Link [LNKC] (IRQs 5 *9 10 11)
[    0.241200] ACPI: PCI Interrupt Link [LNKD] (IRQs 5 9 10 *11)
[    0.242447] SCSI subsystem initialized
[    0.243145] pci 0000:00:02.0: vgaarb: setting as boot VGA device
[    0.243145] pci 0000:00:02.0: vgaarb: VGA device added: decodes=io+mem,owns=io+mem,locks=none
[    0.244007] pci 0000:00:02.0: vgaarb: bridge control possible
[    0.245011] vgaarb: loaded
[    0.245526] ACPI: bus type USB registered
[    0.248024] usbcore: registered new interface driver usbfs
[    0.249197] usbcore: registered new interface driver hub
[    0.250176] usbcore: registered new device driver usb
[    0.252013] EDAC MC: Ver: 3.0.0
[    0.252821] PCI: Using ACPI for IRQ routing
[    0.253099] NetLabel: Initializing
[    0.253779] NetLabel:  domain hash size = 128
[    0.254524] NetLabel:  protocols = UNLABELED CIPSOv4 CALIPSO
[    0.256013] NetLabel:  unlabeled traffic allowed by default
[    0.256956] clocksource: Switched to clocksource kvm-clock
[    0.266115] VFS: Disk quotas dquot_6.6.0
[    0.267455] VFS: Dquot-cache hash table entries: 512 (order 0, 4096 bytes)
[    0.268831] AppArmor: AppArmor Filesystem Enabled
[    0.269665] pnp: PnP ACPI init
[    0.271362] pnp: PnP ACPI: found 3 devices
[    0.278862] clocksource: acpi_pm: mask: 0xffffff max_cycles: 0xffffff, max_idle_ns: 2085701024 ns
[    0.281329] NET: Registered protocol family 2
[    0.282118] IP idents hash table entries: 16384 (order: 5, 131072 bytes)
[    0.284232] TCP established hash table entries: 8192 (order: 4, 65536 bytes)
[    0.285459] TCP bind hash table entries: 8192 (order: 5, 131072 bytes)
[    0.286845] TCP: Hash tables configured (established 8192 bind 8192)
[    0.287982] UDP hash table entries: 512 (order: 2, 16384 bytes)
[    0.289021] UDP-Lite hash table entries: 512 (order: 2, 16384 bytes)
[    0.290135] NET: Registered protocol family 1
[    0.291309] pci 0000:00:00.0: Limiting direct PCI/PCI transfers
[    0.292346] pci 0000:00:01.0: Activating ISA DMA hang workarounds
[    0.293414] pci 0000:00:02.0: Video device with shadowed ROM at [mem 0x000c0000-0x000dffff]
[    0.295355] Unpacking initramfs...
[    0.514996] Freeing initrd memory: 19532K
[    0.516370] clocksource: tsc: mask: 0xffffffffffffffff max_cycles: 0x255cb518234, max_idle_ns: 440795279333 ns
[    0.518511] platform rtc_cmos: registered platform RTC device (no PNP device found)
[    0.519862] Scanning for low memory corruption every 60 seconds
[    0.521487] Initialise system trusted keyrings
[    0.522298] Key type blacklist registered
[    0.523090] workingset: timestamp_bits=36 max_order=18 bucket_order=0
[    0.525420] zbud: loaded
[    0.526303] squashfs: version 4.0 (2009/01/31) Phillip Lougher
[    0.527539] fuse init (API version 7.26)
[    0.529368] Key type asymmetric registered
[    0.530516] Asymmetric key parser 'x509' registered
[    0.531384] Block layer SCSI generic (bsg) driver version 0.4 loaded (major 246)
[    0.532764] io scheduler noop registered
[    0.533467] io scheduler deadline registered
[    0.534235] io scheduler cfq registered (default)
[    0.535452] ACPI: AC Adapter [AC] (on-line)
[    0.536461] input: Power Button as /devices/LNXSYSTM:00/LNXPWRBN:00/input/input0
[    0.538146] ACPI: Power Button [PWRF]
[    0.538872] input: Sleep Button as /devices/LNXSYSTM:00/LNXSLPBN:00/input/input1
[    0.540801] ACPI: Sleep Button [SLPF]
[    0.543128] ACPI: Battery Slot [BAT0] (battery present)
[    0.544148] Serial: 8250/16550 driver, 32 ports, IRQ sharing enabled
[    0.566559] 00:02: ttyS0 at I/O 0x3f8 (irq = 4, base_baud = 115200) is a 16550A
[    0.569147] Linux agpgart interface v0.103
[    0.571529] loop: module loaded
[    0.572900] scsi host0: ata_piix
[    0.574020] scsi host1: ata_piix
[    0.574910] ata1: PATA max UDMA/33 cmd 0x1f0 ctl 0x3f6 bmdma 0xd000 irq 14
[    0.576093] ata2: PATA max UDMA/33 cmd 0x170 ctl 0x376 bmdma 0xd008 irq 15
[    0.577709] tun: Universal TUN/TAP device driver, 1.6
[    0.578653] PPP generic driver version 2.4.2
[    0.579458] ehci_hcd: USB 2.0 'Enhanced' Host Controller (EHCI) Driver
[    0.580858] ehci-pci: EHCI PCI platform driver
[    0.581804] ehci-platform: EHCI generic platform driver
[    0.582719] ohci_hcd: USB 1.1 'Open' Host Controller (OHCI) Driver
[    0.583776] ohci-pci: OHCI PCI platform driver
[    0.584611] ohci-platform: OHCI generic platform driver
[    0.585522] uhci_hcd: USB Universal Host Controller Interface driver
[    0.586640] i8042: PNP: PS/2 Controller [PNP0303:PS2K,PNP0f03:PS2M] at 0x60,0x64 irq 1,12
[    0.588969] serio: i8042 KBD port at 0x60,0x64 irq 1
[    0.589865] serio: i8042 AUX port at 0x60,0x64 irq 12
[    0.591453] mousedev: PS/2 mouse device common for all mice
[    0.593310] input: AT Translated Set 2 keyboard as /devices/platform/i8042/serio0/input/input2
[    0.595132] rtc_cmos rtc_cmos: rtc core: registered rtc_cmos as rtc0
[    0.596251] rtc_cmos rtc_cmos: alarms up to one day, 114 bytes nvram
[    0.597317] i2c /dev entries driver
[    0.598088] device-mapper: uevent: version 1.0.3
[    0.598917] device-mapper: ioctl: 4.37.0-ioctl (2017-09-20) initialised: dm-devel@redhat.com
[    0.600456] ledtrig-cpu: registered to indicate activity on CPUs
[    0.601765] NET: Registered protocol family 10
[    0.605064] Segment Routing with IPv6
[    0.605931] NET: Registered protocol family 17
[    0.606836] Key type dns_resolver registered
[    0.608029] mce: Using 0 MCE banks
[    0.608825] RAS: Correctable Errors collector initialized.
[    0.609771] sched_clock: Marking stable (608809419, 0)->(751771769, -142962350)
[    0.611204] registered taskstats version 1
[    0.611932] Loading compiled-in X.509 certificates
[    0.614292] Loaded X.509 cert 'Build time autogenerated kernel key: 6303a3b02fa1c7713b8a75ba7ba622fabd5dd271'
[    0.616958] Loaded X.509 cert 'Canonical Ltd. Live Patch Signing: 14df34d1a87cf37625abec039ef2bf521249b969'
[    0.619317] Loaded X.509 cert 'Canonical Ltd. Kernel Module Signing: 88f752e560a1e0737e31163a466ad7b70a850c19'
[    0.621080] blacklist: Loading compiled-in revocation X.509 certificates
[    0.622212] Loaded X.509 cert 'Canonical Ltd. Secure Boot Signing: 61482aa2830d0ab2ad5af10b7250da9033ddcef0'
[    0.623932] zswap: loaded using pool lzo/zbud
[    0.626902] Key type big_key registered
[    0.627595] Key type trusted registered
[    0.629370] Key type encrypted registered
[    0.630510] AppArmor: AppArmor sha1 policy hashing enabled
[    0.631743] ima: No TPM chip found, activating TPM-bypass! (rc=-19)
[    0.633097] ima: Allocated hash algorithm: sha1
[    0.634267] evm: HMAC attrs: 0x1
[    0.635210]   Magic number: 14:795:894
[    0.635934] rtc_cmos rtc_cmos: setting system clock to 2022-11-23 16:51:53 UTC (1669222313)
[    0.638010] BIOS EDD facility v0.16 2004-Jun-25, 0 devices found
[    0.639047] EDD information not available.
[    0.762760] Freeing unused kernel image memory: 2472K
[    0.776703] Write protecting the kernel read-only data: 20480k
[    0.780414] Freeing unused kernel image memory: 2008K
[    0.782480] Freeing unused kernel image memory: 1824K
[    0.789869] x86/mm: Checked W+X mappings: passed, no W+X pages found.
[    0.791711] x86/mm: Checking user space page tables
[    0.798831] x86/mm: Checked W+X mappings: passed, no W+X pages found.
Loading, please wait...
starting version 237
[    0.851580] e1000: Intel(R) PRO/1000 Network Driver - version 7.3.21-k8-NAPI
[    0.853860] e1000: Copyright (c) 1999-2006 Intel Corporation.
[    0.862400] Fusion MPT base driver 3.04.20
[    0.863598] Copyright (c) 1999-2008 LSI Corporation
[    0.867630] Fusion MPT SPI Host driver 3.04.20
[    0.879104] AVX2 version of gcm_enc/dec engaged.
[    0.880487] AES CTR mode by8 optimization enabled
[    1.071112] input: ImExPS/2 Generic Explorer Mouse as /devices/platform/i8042/serio1/input/input4
[    1.247793] e1000 0000:00:03.0 eth0: (PCI:33MHz:32-bit) 02:2d:21:26:aa:88
[    1.249788] e1000 0000:00:03.0 eth0: Intel(R) PRO/1000 Network Connection
[    1.252335] mptbase: ioc0: Initiating bringup
[    1.348210] ioc0: LSI53C1030 A0: Capabilities={Initiator}
[    1.591306] scsi host2: ioc0: LSI53C1030 A0, FwRev=00000000h, Ports=1, MaxQ=256, IRQ=20
[    1.761069] scsi 2:0:0:0: Direct-Access     VBOX     HARDDISK         1.0  PQ: 0 ANSI: 5
[    1.792393] scsi target2:0:0: Beginning Domain Validation
[    1.797569] scsi target2:0:0: Domain Validation skipping write tests
[    1.799225] scsi target2:0:0: Ending Domain Validation
[    1.810076] scsi target2:0:0: asynchronous
[    1.834989] scsi 2:0:1:0: Direct-Access     VBOX     HARDDISK         1.0  PQ: 0 ANSI: 5
[    1.978991] scsi target2:0:1: Beginning Domain Validation
[    1.982162] scsi target2:0:1: Domain Validation skipping write tests
[    1.983337] scsi target2:0:1: Ending Domain Validation
[    1.984375] scsi target2:0:1: asynchronous
[    1.989746] sd 2:0:0:0: Attached scsi generic sg0 type 0
[    1.989875] sd 2:0:0:0: [sda] 83886080 512-byte logical blocks: (42.9 GB/40.0 GiB)
[    1.992171] sd 2:0:0:0: [sda] Write Protect is off
[    1.993570] sd 2:0:1:0: Attached scsi generic sg1 type 0
[    1.993629] sd 2:0:0:0: [sda] Incomplete mode parameter data
[    1.995620] sd 2:0:0:0: [sda] Assuming drive cache: write through
[    1.996789] sd 2:0:1:0: [sdb] 20480 512-byte logical blocks: (10.5 MB/10.0 MiB)
[    1.998247] sd 2:0:1:0: [sdb] Write Protect is off
[    1.999229] sd 2:0:1:0: [sdb] Incomplete mode parameter data
[    2.000288] sd 2:0:1:0: [sdb] Assuming drive cache: write through
[    2.003772] sd 2:0:1:0: [sdb] Attached SCSI disk
[    2.004674]  sda: sda1
[    2.005497] sd 2:0:0:0: [sda] Attached SCSI disk
[    2.173885] e1000 0000:00:08.0 eth1: (PCI:33MHz:32-bit) 08:00:27:9a:49:ee
[    2.175614] e1000 0000:00:08.0 eth1: Intel(R) PRO/1000 Network Connection
[    2.178920] e1000 0000:00:03.0 enp0s3: renamed from eth0
[    2.200519] e1000 0000:00:08.0 enp0s8: renamed from eth1
Begin: Loading essential drivers ... [    3.576173] raid6: sse2x1   gen() 14004 MB/s
[    3.624990] raid6: sse2x1   xor() 10522 MB/s
[    3.672741] raid6: sse2x2   gen() 16974 MB/s
[    3.720089] raid6: sse2x2   xor()  9675 MB/s
[    3.768110] raid6: sse2x4   gen() 18515 MB/s
[    3.816080] raid6: sse2x4   xor() 11733 MB/s
[    3.864099] raid6: avx2x1   gen() 27517 MB/s
[    3.912108] raid6: avx2x1   xor() 18807 MB/s
[    3.960121] raid6: avx2x2   gen() 32256 MB/s
[    4.008368] raid6: avx2x2   xor() 19861 MB/s
[    4.056118] raid6: avx2x4   gen() 38676 MB/s
[    4.104109] raid6: avx2x4   xor() 23293 MB/s
[    4.105163] raid6: using algorithm avx2x4 gen() 38676 MB/s
[    4.106737] raid6: .... xor() 23293 MB/s, rmw enabled
[    4.107897] raid6: using avx2x2 recovery algorithm
[    4.109902] xor: automatically using best checksumming function   avx       
[    4.112096] async_tx: api initialized (async)
done.
Begin: Running /scripts/init-premount ... done.
Begin: Mounting root file system ... Begin: Running /scripts/local-top ... done.
Begin: Running /scripts/local-premount ... [    4.145810] Btrfs loaded, crc32c=crc32c-intel
Scanning for Btrfs filesystems
done.
Warning: fsck not present, so skipping root file system
[    4.169569] EXT4-fs (sda1): mounted filesystem with ordered data mode. Opts: (null)
done.
Begin: Running /scripts/local-bottom ... done.
Begin: Running /scripts/init-bottom ... done.
[    4.325924] ip_tables: (C) 2000-2006 Netfilter Core Team
[    4.333418] systemd[1]: systemd 237 running in system mode. (+PAM +AUDIT +SELINUX +IMA +APPARMOR +SMACK +SYSVINIT +UTMP +LIBCRYPTSETUP +GCRYPT +GNUTLS +ACL +XZ +LZ4 +SECCOMP +BLKID +ELFUTILS +KMOD -IDN2 +IDN -PCRE2 default-hierarchy=hybrid)
[    4.337711] systemd[1]: Detected virtualization oracle.
[    4.338664] systemd[1]: Detected architecture x86-64.

Welcome to [1mUbuntu 18.04.6 LTS[0m!

[    4.545780] systemd[1]: Set hostname to <ubuntu>.
[    4.551623] systemd[1]: Initializing machine ID from random generator.
[    4.553333] systemd[1]: Installed transient /etc/machine-id file.
[    4.759131] systemd[1]: Reached target User and Group Name Lookups.
[[0;32m  OK  [0m] Reached target User and Group Name Lookups.
[    4.761767] systemd[1]: Set up automount Arbitrary Executable File Formats File System Automount Point.
[[0;32m  OK  [0m] Set up automount Arbitrary Executab…rmats File System Automount Point.
[    4.764832] systemd[1]: Reached target Swap.
[[0;32m  OK  [0m] Reached target Swap.
[    4.766290] systemd[1]: Started Forward Password Requests to Wall Directory Watch.
[[0;32m  OK  [0m] Started Forward Password Requests to Wall Directory Watch.
[[0;32m  OK  [0m] Created slice System Slice.
[[0;32m  OK  [0m] Created slice system-serial\x2dgetty.slice.
[[0;32m  OK  [0m] Listening on LVM2 poll daemon socket.
[[0;32m  OK  [0m] Listening on Device-mapper event daemon FIFOs.
[[0;32m  OK  [0m] Listening on udev Control Socket.
[[0;32m  OK  [0m] Listening on /dev/initctl Compatibility Named Pipe.
[[0;32m  OK  [0m] Listening on fsck to fsckd communication Socket.
[[0;32m  OK  [0m] Listening on Journal Socket.
         Mounting POSIX Message Queue File System...
         Starting Set the console keyboard layout...
         Starting Load Kernel Modules...
         Starting Create list of required st…ce nodes for the current kernel...
         Mounting Huge Pages File System...
[[0;32m  OK  [0m] Listening on Journal Socket (/dev/log).
[[0;32m  OK  [0m] Listening on LVM2 metadata daemon socket.
         Starting Monitoring of LVM2 mirrors…ng dmeventd or progress polling...
         Starting File System Check on Root Device...
[[0;32m  OK  [0m] Listening on Journal Audit Socket.
[[0;32m  OK  [0m] Listening on udev Kernel Socket.
         Starting udev Coldplug all Devices...
         Starting Uncomplicated firewall...
[[0;32m  OK  [0m] Created slice User and Session Slice.
[[0;32m  OK  [0m] Listening on Network Service Netlink Socket.
[[0;32m  OK  [0m] Reached target Slices.
[[0;32m  OK  [0m] Listening on Syslog Socket.
[    5.049357] Loading iSCSI transport class v2.0-870.
         Starting Journal Service...
[[0;32m  OK  [0m] Reached target System Time Synchronized.
         Mounting Kernel Debug File System...
[[0;32m  OK  [0m] Mounted POSIX Message Queue File System.
[[0;32m  OK  [0m] Started Create list of required sta…vice nodes for the current kernel.
[    5.063040] iscsi: registered transport (tcp)
[[0;32m  OK  [0m] Mounted Huge Pages File System.
[[0;32m  OK  [0m] Mounted Kernel Debug File System.
[[0;32m  OK  [0m] Started LVM2 metadata daemon.
[[0;32m  OK  [0m] Started File System Check Daemon to report status.
         Starting Create Static Device Nodes in /dev...
[[0;32m  OK  [0m] Started Uncomplicated firewall.
[[0;32m  OK  [0m] Started udev Coldplug all Devices.
[[0;32m  OK  [0m] Started File System Check on Root Device.
[    5.128358] iscsi: registered transport (iser)
[[0;32m  OK  [0m] Started Journal Service.
[[0;32m  OK  [0m] Started Load Kernel Modules.
[[0;32m  OK  [0m] Started Set the console keyboard layout.
         Starting Apply Kernel Variables...
         Mounting FUSE Control File System...
         Mounting Kernel Configuration File System...
         Starting Remount Root and Kernel File Systems...
[[0;32m  OK  [0m] Started Monitoring of LVM2 mirrors,…sing dmeventd or progress polling.
[[0;32m  OK  [0m] Started Create Static Device Nodes in /dev.
[[0;32m  OK  [0m] Mounted FUSE Control File System.
[[0;32m  OK  [0m] Mounted Kernel Configuration File System.
[[0;32m  OK  [0m] Started Apply Kernel Variables.
[[0;32m  OK  [0m] Started Remount Root and Kernel File Systems.
[[0;32m  OK  [0m] Reached target Local File Systems (Pre).
         Starting udev Kernel Device Manager...
         Starting Flush Journal to Persistent Storage...
[[0;32m  OK  [0m] Reached target Local File Systems.
         Starting ebtables ruleset management...
         Starting Tell Plymouth To Write Out Runtime Data...
         Starting Set console font and keymap...
         Starting Commit a transient machine-id on disk...
         Starting AppArmor initialization...
         Starting Load/Save Random Seed...
[[0;32m  OK  [0m] Started udev Kernel Device Manager.
[[0;32m  OK  [0m] Started Tell Plymouth To Write Out Runtime Data.
[[0;32m  OK  [0m] Started Set console font and keymap.
[[0;32m  OK  [0m] Started Load/Save Random Seed.
[[0;32m  OK  [0m] Started Commit a transient machine-id on disk.
[[0;32m  OK  [0m] Started Dispatch Password Requests to Console Directory Watch.
[[0;32m  OK  [0m] Reached target Local Encrypted Volumes.
[[0;32m  OK  [0m] Started Flush Journal to Persistent Storage.
[[0;32m  OK  [0m] Started ebtables ruleset management.
         Starting Create Volatile Files and Directories...
[[0;32m  OK  [0m] Started Create Volatile Files and Directories.
[[0;32m  OK  [0m] Found device /dev/ttyS0.
         Starting Update UTMP about System Boot/Shutdown...
[[0;32m  OK  [0m] Started Update UTMP about System Boot/Shutdown.
[[0;32m  OK  [0m] Listening on Load/Save RF Kill Switch Status /dev/rfkill Watch.
[[0;32m  OK  [0m] Started AppArmor initialization.
         Starting Initial cloud-init job (pre-networking)...
         Starting Load AppArmor profiles managed internally by snapd...
[[0;32m  OK  [0m] Started Load AppArmor profiles managed internally by snapd.
[    7.107242] cloud-init[581]: Cloud-init v. 22.3.4-0ubuntu1~18.04.1 running 'init-local' at Wed, 23 Nov 2022 16:51:59 +0000. Up 6.81 seconds.
[[0;32m  OK  [0m] Started Initial cloud-init job (pre-networking).
[[0;32m  OK  [0m] Reached target Network (Pre).
         Starting Network Service...
[[0;32m  OK  [0m] Started Network Service.
         Starting Wait for Network to be Configured...
         Starting Network Name Resolution...
[[0;32m  OK  [0m] Started Network Name Resolution.
[[0;32m  OK  [0m] Reached target Host and Network Name Lookups.
[[0;32m  OK  [0m] Reached target Network.
[[0;32m  OK  [0m] Started Wait for Network to be Configured.
         Starting Initial cloud-init job (metadata service crawler)...
[    9.011269] cloud-init[713]: Cloud-init v. 22.3.4-0ubuntu1~18.04.1 running 'init' at Wed, 23 Nov 2022 16:52:01 +0000. Up 8.91 seconds.
[    9.024264] cloud-init[713]: ci-info: ++++++++++++++++++++++++++++++++++++++Net device info+++++++++++++++++++++++++++++++++++++++
[    9.025471] cloud-init[713]: ci-info: +--------+-------+----------------------------+---------------+--------+-------------------+
[    9.026688] cloud-init[713]: ci-info: | Device |   Up  |          Address           |      Mask     | Scope  |     Hw-Address    |
[    9.028138] cloud-init[713]: ci-info: +--------+-------+----------------------------+---------------+--------+-------------------+
[    9.030111] cloud-init[713]: ci-info: | enp0s3 |  True |         10.0.2.15          | 255.255.255.0 | global | 02:2d:21:26:aa:88 |
[    9.031857] cloud-init[713]: ci-info: | enp0s3 |  True | fe80::2d:21ff:fe26:aa88/64 |       .       |  link  | 02:2d:21:26:aa:88 |
[    9.033279] cloud-init[713]: ci-info: | enp0s8 | False |             .              |       .       |   .    | 08:00:27:9a:49:ee |
[    9.034739] cloud-init[713]: ci-info: |   lo   |  True |         127.0.0.1          |   255.0.0.0   |  host  |         .         |
[    9.036302] cloud-init[713]: ci-info: |   lo   |  True |          ::1/128           |       .       |  host  |         .         |
[    9.048308] cloud-init[713]: ci-info: +--------+-------+----------------------------+---------------+--------+-------------------+
[    9.060423] cloud-init[713]: ci-info: ++++++++++++++++++++++++++++Route IPv4 info+++++++++++++++++++++++++++++
[    9.061714] cloud-init[713]: ci-info: +-------+-------------+----------+-----------------+-----------+-------+
[    9.062886] cloud-init[713]: ci-info: | Route | Destination | Gateway  |     Genmask     | Interface | Flags |
[    9.064114] cloud-init[713]: ci-info: +-------+-------------+----------+-----------------+-----------+-------+
[    9.065320] cloud-init[713]: ci-info: |   0   |   0.0.0.0   | 10.0.2.2 |     0.0.0.0     |   enp0s3  |   UG  |
[    9.066540] cloud-init[713]: ci-info: |   1   |   10.0.2.0  | 0.0.0.0  |  255.255.255.0  |   enp0s3  |   U   |
[    9.067937] cloud-init[713]: ci-info: |   2   |   10.0.2.2  | 0.0.0.0  | 255.255.255.255 |   enp0s3  |   UH  |
[    9.069622] cloud-init[713]: ci-info: +-------+-------------+----------+-----------------+-----------+-------+
[    9.080763] cloud-init[713]: ci-info: +++++++++++++++++++Route IPv6 info+++++++++++++++++++
[    9.081849] cloud-init[713]: ci-info: +-------+-------------+---------+-----------+-------+
[    9.092245] cloud-init[713]: ci-info: | Route | Destination | Gateway | Interface | Flags |
[    9.093949] cloud-init[713]: ci-info: +-------+-------------+---------+-----------+-------+
[    9.095595] cloud-init[713]: ci-info: |   1   |  fe80::/64  |    ::   |   enp0s3  |   U   |
[    9.097233] cloud-init[713]: ci-info: |   3   |    local    |    ::   |   enp0s3  |   U   |
[    9.099215] cloud-init[713]: ci-info: |   4   |   ff00::/8  |    ::   |   enp0s3  |   U   |
[    9.100975] cloud-init[713]: ci-info: +-------+-------------+---------+-----------+-------+
[    9.703484] cloud-init[713]: Generating public/private rsa key pair.
[    9.704280] cloud-init[713]: Your identification has been saved in /etc/ssh/ssh_host_rsa_key.
[    9.705002] cloud-init[713]: Your public key has been saved in /etc/ssh/ssh_host_rsa_key.pub.
[    9.716344] cloud-init[713]: The key fingerprint is:
[    9.717013] cloud-init[713]: SHA256:2H7oXSF98meGMz1KUSeDM1GZ4OvZh0nemipj57UDT1g root@ubuntu-bionic
[    9.728318] cloud-init[713]: The key's randomart image is:
[[0;32m  OK  [0m] Started Initial cloud-init job (metadata service crawler).
[    9.745138] [[0;32m  OK  [0m] Reached target Cloud-config availability.
cloud-init[[713]: [0;32m  OK  [0m+---[RSA 2048]----+] 
Reached target System Initialization.
         Starting LXD - unix socket.
[    9.758641] cloud-init[[0;32m  OK  [0m] Started Ubuntu Advantage Timer for running repeated jobs.
[713]: |            oo.o |
[[0;32m  OK  [0m] Listening on Open-iSCSI iscsid Socket.
[[0;32m  OK  [0m] Listening on ACPID Listen Socket.
[[0;32m  OK  [0m] Started Discard unused blocks once a week.
         Starting Socket activation for snappy daemon.
[[0;32m  OK  [0m] Started Daily apt download activities.
[[0;32m  OK  [0m] Listening on cloud-init hotplug hook socket.
[    9.765972] cloud-init[713]: |           . oo  |
[[0;32m  OK  [0m] Started ACPI Events Check.
[    9.808584] [[0;32m  OK  [0m] Reached target Paths.
cloud-init[713]: |            = o..|
[[0;32m  OK  [0m] Listening on UUID daemon activation socket.
[    9.825349] [[0;32m  OK  [0m] Started Message of the Day.
cloud-init[713]: |       o   . +Eo.|
[    9.826826] [[0;32m  OK  [0m] Started Daily apt upgrade and clean activities.
[[0;32m  OK  [0m] Started Daily Cleanup of Temporary Directories.
cloud-init[713]: |      . S . =+o  |
[[0;32m  OK  [0m] Reached target Timers.
[    9.845227] [[0;32m  OK  [0m] Listening on D-Bus System Message Bus Socket.
[[0;32m  OK  [0m] Reached target Network is Online.
         Starting Availability of block devices...
[[0;32m  OK  [0m] Reached target Remote File Systems (Pre).
[[0;32m  OK  [0m] Reached target Remote File Systems.
[[0;32m  OK  [0m] Listening on LXD - unix socket.
[[0;32m  OK  [0m] Listening on Socket activation for snappy daemon.
[[0;32m  OK  [0m] Reached target Sockets.
[[0;32m  OK  [0m] Reached target Basic System.
         Starting LSB: automatic crash report generation...
         Starting LSB: Record successful boot for GRUB...
cloud-init         Starting Accounts Service...
[713]: |       . . ooXo* |
[    9.854331] cloud-init[713]: |        o . +=@.B|
[    9.855360] cloud-init         Starting Pollinate to seed the pseudo random number generator...
[713]: |       . o+.o.+@.|
[[0;32m  OK  [0m] Started Regular background program processing daemon.
[[0;32m  OK  [0m] Started FUSE filesystem for LXC.
         Starting Permit User Sessions...
         Starting Virtualbox guest utils...
         Starting LXD - container startup/shutdown...
[[0;32m  OK  [0m] Started D-Bus System Message Bus.
[    9.862523] cloud-init[713]: |        ...=oo+. |
[    9.884204] cloud-init[713]: +----[SHA256]-----+
[    9.896305] cloud-init[713]: Generating public/private dsa key pair.
[    9.897156] cloud-init[713]: Your identification has been saved in /etc/ssh/ssh_host_dsa_key.
[    9.908303] cloud-init[713]: Your public key has been saved in /etc/ssh/ssh_host_dsa_key.pub.
[    9.925035] cloud-init[713]: The key fingerprint is:
[    9.936274] cloud-init[713]: SHA256:VEDL3tShMJ/UVkxKCNthm/fhSx280z66rjeFRLUe8rk root@ubuntu-bionic
[    9.937638] cloud-init[713]: The key's randomart image is:
[    9.952464] cloud-init[713]: +---[DSA 1024]----+
[    9.964252] cloud-init[713]: |       .*o=oo++. |
[    9.965247] cloud-init[713]: |       . @.Oo+o .|
[    9.965861] cloud-init[713]: |        = O.=..= |
[    9.966768] cloud-init[713]: |       o o . ++o*|
[    9.967357] cloud-init[713]: |        S . . =*o|
[    9.968555] cloud-init[713]: |             o +o|
[    9.969618] cloud-init[713]: |              oE.|
[    9.971290] cloud-init[713]: |             o. .|
[    9.972568] cloud-init[713]: |           .++o  |
[    9.973672] cloud-init[713]: +----[SHA256]-----+
[    9.974789] cloud-init[713]: Generating public/private ecdsa key pair.
[    9.976378] cloud-init[713]: Your identification has been saved in /etc/ssh/ssh_host_ecdsa_key.
[    9.978288] cloud-init[713]: Your public key has been saved in /etc/ssh/ssh_host_ecdsa_key.pub.
[    9.979961] cloud-init[713]: The key fingerprint is:
[    9.981032] cloud-init[713]: SHA256:rbCH3/pCHobszWg9DifaVMRZMOYX4kQeJpvnSxYBKQk root@ubuntu-bionic
[    9.983258] cloud-init[713]: The key's randomart image is:
[    9.984330] cloud-init[713]: +---[ECDSA 256]---+
[    9.985428] cloud-init[713]: |  E. .o+@.o      |
[    9.986810] cloud-init[713]: |    o .% B .     |
[    9.987860] cloud-init[713]: |     .o X .      |
[    9.988765] cloud-init[713]: |       + +       |
[    9.989825] cloud-init[713]: |     ...S .      |
[    9.991018] cloud-init[713]: |      oB+o       |
[    9.993004] cloud-init[713]: |     .*O=.       |
[    9.994453] cloud-init[713]: |     ++*B.       |
[    9.995537] cloud-init[713]: |    ....+=o      |
[    9.996370] cloud-init[713]: +----[SHA256]-----+
[    9.997199]          Starting Login Service...
cloud-init[713]: Generating public/private ed25519 key pair.
[    9.998730] cloud-init[713]: Your identification has been saved in /etc/ssh/ssh_host_ed25519_key.
[   10.005135] cloud-init[713]: Your public key has been saved in /etc/ssh/ssh_host_ed25519_key.pub.
[   10.007508] cloud-init[713]: The key fingerprint is:
[   10.008583] cloud-init[713]: SHA256:VHuFIRXdrXJl+E2/fMvJF3nPhhG+RoOynBWhKgjCWTQ root@ubuntu-bionic
[   10.009221] cloud-init[713]: The key's randomart image is:
[   10.010111] cloud-init[713]: +--[ED25519 256]--+
[   10.010887] cloud-init[713]: |  .E      o.+=.o.|
[   10.011705] cloud-init[713]: |   ..    . oo.o *|
[   10.012556] cloud-init[713]: |. o     . .... *o|
[   10.013865] cloud-init[713]: |.o.    .  ..o + +|
[   10.014768] cloud-init[713]: | . . .  S.   *..o|
[   10.015729] cloud-init[713]: |    . . . . o ==o|
[   10.016249] cloud-init[713]: |       . . = .o*B|
[   10.016994] cloud-init[713]: |          +   +==|
[   10.032729] cloud-init[713]: |             . ..|
[   10.034034] cloud-init[713]: +----[SHA256]-----+
         Starting Dispatcher daemon for systemd-networkd...
         Starting System Logging Service...
[[0;32m  OK  [0m] Started irqbalance daemon.
[[0;32m  OK  [0m] Started Deferred execution scheduler.
         Starting Snap Daemon...
[[0;32m  OK  [0m] Started Availability of block devices.
[[0;32m  OK  [0m] Started Permit User Sessions.
[[0;32m  OK  [0m] Started LXD - container startup/shutdown.
[[0;32m  OK  [0m] Started System Logging Service.
[[0;32m  OK  [0m] Started Login Service.
[[0;32m  OK  [0m] Started Unattended Upgrades Shutdown.
         Starting Authorization Manager...
         Starting Terminate Plymouth Boot Screen...
         Starting Hold until boot process finishes up...
[[0;32m  OK  [0m] Started Hold until boot process finishes up.
         Starting Set console scheme...
[[0;32m  OK  [0m] Started Serial Getty on ttyS0.
[[0;32m  OK  [0m] Started Terminate Plymouth Boot Screen.
[[0;32m  OK  [0m] Started LSB: automatic crash report generation.
[[0;32m  OK  [0m] Started Authorization Manager.
[[0;32m  OK  [0m] Started Set console scheme.
[[0;32m  OK  [0m] Started Accounts Service.
[[0;32m  OK  [0m] Created slice system-getty.slice.
[[0;32m  OK  [0m] Started Getty on tty1.
[[0;32m  OK  [0m] Reached target Login Prompts.
[[0;32m  OK  [0m] Started LSB: Record successful boot for GRUB.
[[0;32m  OK  [0m] Started Virtualbox guest utils.
[[0;32m  OK  [0m] Started Dispatcher daemon for systemd-networkd.
[[0;32m  OK  [0m] Started Snap Daemon.
         Starting Wait until snapd is fully seeded...
         Starting Time & Date Service...
[[0;32m  OK  [0m] Started Time & Date Service.
[[0;32m  OK  [0m] Started Pollinate to seed the pseudo random number generator.
         Starting OpenBSD Secure Shell server...
[[0;32m  OK  [0m] Started OpenBSD Secure Shell server.
[[0;32m  OK  [0m] Created slice User Slice of vagrant.
         Starting User Manager for UID 1000...
[[0;32m  OK  [0m] Started Session 1 of user vagrant.
[[0;32m  OK  [0m] Started User Manager for UID 1000.
[[0;32m  OK  [0m] Started Wait until snapd is fully seeded.
         Starting Apply the settings specified in cloud-config...
[   13.217428] cloud-init[1357]: Cloud-init v. 22.3.4-0ubuntu1~18.04.1 running 'modules:config' at Wed, 23 Nov 2022 16:52:05 +0000. Up 12.78 seconds.
[[0;32m  OK  [0m] Started Apply the settings specified in cloud-config.
[[0;32m  OK  [0m] Reached target Multi-User System.
[[0;32m  OK  [0m] Reached target Graphical Interface.
         Starting Update UTMP about System Runlevel Changes...
         Starting Execute cloud user/final scripts...
[[0;32m  OK  [0m] Started Update UTMP about System Runlevel Changes.
ci-info: no authorized SSH keys fingerprints found for user ubuntu.
<14>Nov 23 16:52:06 cloud-init: #############################################################
<14>Nov 23 16:52:06 cloud-init: -----BEGIN SSH HOST KEY FINGERPRINTS-----
<14>Nov 23 16:52:06 cloud-init: 1024 SHA256:VEDL3tShMJ/UVkxKCNthm/fhSx280z66rjeFRLUe8rk root@ubuntu-bionic (DSA)
<14>Nov 23 16:52:06 cloud-init: 256 SHA256:rbCH3/pCHobszWg9DifaVMRZMOYX4kQeJpvnSxYBKQk root@ubuntu-bionic (ECDSA)
<14>Nov 23 16:52:06 cloud-init: 256 SHA256:VHuFIRXdrXJl+E2/fMvJF3nPhhG+RoOynBWhKgjCWTQ root@ubuntu-bionic (ED25519)
<14>Nov 23 16:52:06 cloud-init: 2048 SHA256:2H7oXSF98meGMz1KUSeDM1GZ4OvZh0nemipj57UDT1g root@ubuntu-bionic (RSA)
<14>Nov 23 16:52:06 cloud-init: -----END SSH HOST KEY FINGERPRINTS-----
<14>Nov 23 16:52:06 cloud-init: #############################################################
-----BEGIN SSH HOST KEY KEYS-----
ecdsa-sha2-nistp256 AAAAE2VjZHNhLXNoYTItbmlzdHAyNTYAAAAIbmlzdHAyNTYAAABBBLavBCuKTTSjt5d8U0vo6Fnt743mGplVxdL0yU630+zcEu/ki8zQSnFozidHR69U6OZRgR6nSlau/mnpRMDZzyw= root@ubuntu-bionic
ssh-ed25519 AAAAC3NzaC1lZDI1NTE5AAAAIChCdIQhB1qfxzLBxWvZMmGKFKRdbygyToN6X5WXaS20 root@ubuntu-bionic
ssh-rsa AAAAB3NzaC1yc2EAAAADAQABAAABAQDAKbqw8o20wkUxvFnqQ1NQ1Pdl1AJd9kS3wqzmbHKaGQDqPUjW9Z1BYzSHcLNF+8ZM7jeBRzBcsKEEwt/qqZ5MyTIpMj3pbotj0xy2U5RMxBPGht8AWQKrBtU3a3TNjXKNxj/na8rcM4IAaN2DbkQgEaLzE7IZxobP1Xj7zXeQWHRcypX6CxHDleLHZEigzDn7voxnl4cTC8ov5RFAeGeidO0m4k65kSif2msFjMIU+0gU7vixNs3BkJqDfgf2M7ctm4y2/ngoUoK7+p6kvnSEixXyDDxR+JqWZZ8OoutiZXjvzNTRnd6DncqO2oBnfF37fTVp8htvETVsIc6+He8v root@ubuntu-bionic
-----END SSH HOST KEY KEYS-----
[   13.795148] cloud-init[1453]: Cloud-init v. 22.3.4-0ubuntu1~18.04.1 running 'modules:final' at Wed, 23 Nov 2022 16:52:06 +0000. Up 13.64 seconds.
[   13.796377] cloud-init[1453]: Cloud-init v. 22.3.4-0ubuntu1~18.04.1 finished at Wed, 23 Nov 2022 16:52:06 +0000. Datasource DataSourceNoCloud [seed=/dev/sdb][dsmode=net].  Up 13.79 seconds
[[0;32m  OK  [0m] Started Execute cloud user/final scripts.
[[0;32m  OK  [0m] Reached target Cloud-init target.

Ubuntu 18.04.6 LTS ubuntu-bionic ttyS0

ubuntu-bionic login:          Stopping Session 7 of user vagrant.
[[0;32m  OK  [0m] Closed Load/Save RF Kill Switch Status /dev/rfkill Watch.
[[0;32m  OK  [0m] Stopped target Timers.
[[0;32m  OK  [0m] Stopped Daily apt upgrade and clean activities.
[[0;32m  OK  [0m] Stopped Message of the Day.
[[0;32m  OK  [0m] Stopped Daily Cleanup of Temporary Directories.
[[0;32m  OK  [0m] Stopped target Graphical Interface.
[[0;32m  OK  [0m] Stopped target Host and Network Name Lookups.
         Stopping Accounts Service...
[[0;32m  OK  [0m] Stopped Ubuntu Advantage Timer for running repeated jobs.
[[0;32m  OK  [0m] Stopped target Cloud-init target.
[[0;32m  OK  [0m] Stopped Execute cloud user/final scripts.
[[0;32m  OK  [0m] Stopped Apply the settings specified in cloud-config.
[[0;32m  OK  [0m] Stopped target Multi-User System.
         Stopping Deferred execution scheduler...
         Stopping D-Bus System Message Bus...
         Stopping Regular background program processing daemon...
         Stopping LSB: automatic crash report generation...
         Stopping System Logging Service...
[[0;32m  OK  [0m] Stopped Wait until snapd is fully seeded.
         Stopping Availability of block devices...
[[0;32m  OK  [0m] Stopped Discard unused blocks once a week.
         Stopping LSB: Record successful boot for GRUB...
         Stopping FUSE filesystem for LXC...
[[0;32m  OK  [0m] Stopped Daily apt download activities.
[[0;32m  OK  [0m] Stopped target System Time Synchronized.
         Stopping User Manager for UID 1000...
         Stopping Dispatcher daemon for systemd-networkd...
         Stopping irqbalance daemon...
         Stopping OpenBSD Secure Shell server...
         Stopping Virtualbox guest utils...
[[0;32m  OK  [0m] Stopped target Cloud-config availability.
         Stopping Authorization Manager...
         Stopping LXD - container startup/shutdown...
[[0;32m  OK  [0m] Stopped target Login Prompts.
         Stopping Serial Getty on ttyS0...
         Stopping Getty on tty1...
[[0;32m  OK  [0m] Unmounted /var/lib/lxcfs.
[[0;32m  OK  [0m] Stopped Accounts Service.
[[0;32m  OK  [0m] Stopped Regular background program processing daemon.
[[0;32m  OK  [0m] Stopped Dispatcher daemon for systemd-networkd.
[[0;32m  OK  [0m] Stopped System Logging Service.
[[0;32m  OK  [0m] Stopped irqbalance daemon.
[[0;32m  OK  [0m] Stopped Deferred execution scheduler.
[[0;32m  OK  [0m] Stopped Authorization Manager.
[[0;32m  OK  [0m] Stopped Serial Getty on ttyS0.
[[0;32m  OK  [0m] Stopped Getty on tty1.
[[0;32m  OK  [0m] Stopped OpenBSD Secure Shell server.
[[0;32m  OK  [0m] Stopped User Manager for UID 1000.
[[0;32m  OK  [0m] Stopped D-Bus System Message Bus.
[[0;32m  OK  [0m] Stopped Availability of block devices.
[[0;32m  OK  [0m] Stopped FUSE filesystem for LXC.
[[0;32m  OK  [0m] Stopped Session 7 of user vagrant.
[[0;32m  OK  [0m] Removed slice User Slice of vagrant.
         Stopping Login Service...
[[0;32m  OK  [0m] Removed slice system-getty.slice.
[[0;32m  OK  [0m] Removed slice system-serial\x2dgetty.slice.
         Stopping Permit User Sessions...
[[0;32m  OK  [0m] Stopped LXD - container startup/shutdown.
[[0;32m  OK  [0m] Stopped Permit User Sessions.
[[0;32m  OK  [0m] Stopped LSB: Record successful boot for GRUB.
[[0;32m  OK  [0m] Stopped LSB: automatic crash report generation.
[[0;32m  OK  [0m] Stopped target Remote File Systems.
[[0;32m  OK  [0m] Stopped Virtualbox guest utils.
[[0;32m  OK  [0m] Stopped Login Service.
[[0;32m  OK  [0m] Stopped target Basic System.
[[0;32m  OK  [0m] Stopped target Sockets.
[[0;32m  OK  [0m] Closed Open-iSCSI iscsid Socket.
[[0;32m  OK  [0m] Closed cloud-init hotplug hook socket.
[[0;32m  OK  [0m] Closed ACPID Listen Socket.
[[0;32m  OK  [0m] Closed Socket activation for snappy daemon.
[[0;32m  OK  [0m] Closed LXD - unix socket.
[[0;32m  OK  [0m] Closed Syslog Socket.
[[0;32m  OK  [0m] Closed UUID daemon activation socket.
[[0;32m  OK  [0m] Stopped target Slices.
[[0;32m  OK  [0m] Removed slice User and Session Slice.
[[0;32m  OK  [0m] Stopped target Paths.
[[0;32m  OK  [0m] Stopped ACPI Events Check.
[[0;32m  OK  [0m] Closed D-Bus System Message Bus Socket.
[[0;32m  OK  [0m] Stopped target User and Group Name Lookups.
[[0;32m  OK  [0m] Stopped target System Initialization.
         Stopping Load/Save Random Seed...
         Stopping Update UTMP about System Boot/Shutdown...
[[0;32m  OK  [0m] Stopped target Local Encrypted Volumes.
[[0;32m  OK  [0m] Stopped Dispatch Password Requests to Console Directory Watch.
[[0;32m  OK  [0m] Stopped Forward Password Requests to Wall Directory Watch.
[[0;32m  OK  [0m] Stopped Commit a transient machine-id on disk.
[[0;32m  OK  [0m] Stopped Load/Save Random Seed.
[[0;32m  OK  [0m] Stopped Update UTMP about System Boot/Shutdown.
[[0;32m  OK  [0m] Stopped Create Volatile Files and Directories.
[[0;32m  OK  [0m] Stopped target Local File Systems.
         Unmounting /vagrant...
         Unmounting /run/user/1000...
[[0;32m  OK  [0m] Unmounted /run/user/1000.
[[0;32m  OK  [0m] Stopped target Swap.
[[0;32m  OK  [0m] Unmounted /vagrant.
[[0;32m  OK  [0m] Reached target Unmount All Filesystems.
[[0;32m  OK  [0m] Stopped target Remote File Systems (Pre).
[[0;32m  OK  [0m] Stopped target Local File Systems (Pre).
[[0;32m  OK  [0m] Stopped Create Static Device Nodes in /dev.
         Stopping Monitoring of LVM2 mirrors…ng dmeventd or progress polling...
[[0;32m  OK  [0m] Stopped target Network is Online.
[[0;32m  OK  [0m] Stopped Initial cloud-init job (metadata service crawler).
[[0;32m  OK  [0m] Stopped target Network.
         Stopping Network Service...
[[0;32m  OK  [0m] Stopped Monitoring of LVM2 mirrors,…sing dmeventd or progress polling.
         Stopping LVM2 metadata daemon...
[[0;32m  OK  [0m] Stopped LVM2 metadata daemon.
[[0;32m  OK  [0m] Stopped Network Service.
[[0;32m  OK  [0m] Stopped Apply Kernel Variables.
[[0;32m  OK  [0m] Stopped Load Kernel Modules.
[[0;32m  OK  [0m] Stopped target Network (Pre).
[[0;32m  OK  [0m] Stopped Initial cloud-init job (pre-networking).
[[0;32m  OK  [0m] Stopped Remount Root and Kernel File Systems.
[[0;32m  OK  [0m] Reached target Shutdown.
[[0;32m  OK  [0m] Reached target Final Step.
         Starting Power-Off...
[  885.132991] reboot: Power down
